# JRE version: OpenJDK Runtime Environment (11.0.11+9) (build 11.0.11+9-Ubuntu-0ubuntu2.20.04)
# Java VM: OpenJDK 64-Bit Server VM (11.0.11+9-Ubuntu-0ubuntu2.20.04, mixed mode, sharing, tiered, compressed oops, g1 gc, linux-amd64)
Heap:
 garbage-first heap   total 524288K, used 129536K [0x00000000e0000000, 0x0000000100000000)
  region size 1024K, 6 young (6144K), 3 survivors (3072K)
 Metaspace       used 78259K, capacity 80543K, committed 80816K, reserved 1120256K
  class space    used 8360K, capacity 9365K, committed 9472K, reserved 1048576K
GC Heap History (20 events):
Event: 1127.634 GC heap before
{Heap before GC invocations=25 (full 0):
 garbage-first heap   total 524288K, used 360136K [0x00000000e0000000, 0x0000000100000000)
  region size 1024K, 269 young (275456K), 5 survivors (5120K)
 Metaspace       used 73418K, capacity 75539K, committed 75824K, reserved 1116160K
  class space    used 7915K, capacity 8812K, committed 8832K, reserved 1048576K
}
Event: 1127.650 GC heap after
{Heap after GC invocations=26 (full 0):
 garbage-first heap   total 524288K, used 92815K [0x00000000e0000000, 0x0000000100000000)
  region size 1024K, 8 young (8192K), 8 survivors (8192K)
 Metaspace       used 73418K, capacity 75539K, committed 75824K, reserved 1116160K
  class space    used 7915K, capacity 8812K, committed 8832K, reserved 1048576K
}
Event: 1129.329 GC heap before
{Heap before GC invocations=26 (full 0):
 garbage-first heap   total 524288K, used 370319K [0x00000000e0000000, 0x0000000100000000)
  region size 1024K, 280 young (286720K), 8 survivors (8192K)
 Metaspace       used 73424K, capacity 75543K, committed 75824K, reserved 1116160K
  class space    used 7915K, capacity 8812K, committed 8832K, reserved 1048576K
}
Event: 1129.344 GC heap after
{Heap after GC invocations=27 (full 0):
 garbage-first heap   total 524288K, used 92872K [0x00000000e0000000, 0x0000000100000000)
  region size 1024K, 8 young (8192K), 8 survivors (8192K)
 Metaspace       used 73424K, capacity 75543K, committed 75824K, reserved 1116160K
  class space    used 7915K, capacity 8812K, committed 8832K, reserved 1048576K
}
Event: 1130.412 GC heap before
{Heap before GC invocations=27 (full 0):
 garbage-first heap   total 524288K, used 379592K [0x00000000e0000000, 0x0000000100000000)
  region size 1024K, 288 young (294912K), 8 survivors (8192K)
 Metaspace       used 73424K, capacity 75543K, committed 75824K, reserved 1116160K
  class space    used 7915K, capacity 8812K, committed 8832K, reserved 1048576K
}
Event: 1130.444 GC heap after
{Heap after GC invocations=28 (full 0):
 garbage-first heap   total 524288K, used 94408K [0x00000000e0000000, 0x0000000100000000)
  region size 1024K, 10 young (10240K), 10 survivors (10240K)
 Metaspace       used 73424K, capacity 75543K, committed 75824K, reserved 1116160K
  class space    used 7915K, capacity 8812K, committed 8832K, reserved 1048576K
}
Event: 1132.285 GC heap before
{Heap before GC invocations=28 (full 0):
 garbage-first heap   total 524288K, used 387272K [0x00000000e0000000, 0x0000000100000000)
  region size 1024K, 296 young (303104K), 10 survivors (10240K)
 Metaspace       used 73655K, capacity 75788K, committed 75952K, reserved 1116160K
  class space    used 7931K, capacity 8850K, committed 8960K, reserved 1048576K
}
Event: 1132.318 GC heap after
{Heap after GC invocations=29 (full 0):
 garbage-first heap   total 524288K, used 95432K [0x00000000e0000000, 0x0000000100000000)
  region size 1024K, 11 young (11264K), 11 survivors (11264K)
 Metaspace       used 73655K, capacity 75788K, committed 75952K, reserved 1116160K
  class space    used 7931K, capacity 8850K, committed 8960K, reserved 1048576K
}
Event: 1134.434 GC heap before
{Heap before GC invocations=29 (full 0):
 garbage-first heap   total 524288K, used 394440K [0x00000000e0000000, 0x0000000100000000)
  region size 1024K, 303 young (310272K), 11 survivors (11264K)
 Metaspace       used 73896K, capacity 76050K, committed 76208K, reserved 1116160K
  class space    used 7934K, capacity 8850K, committed 8960K, reserved 1048576K
}
Event: 1134.467 GC heap after
{Heap after GC invocations=30 (full 0):
 garbage-first heap   total 524288K, used 101699K [0x00000000e0000000, 0x0000000100000000)
  region size 1024K, 17 young (17408K), 17 survivors (17408K)
 Metaspace       used 73896K, capacity 76050K, committed 76208K, reserved 1116160K
  class space    used 7934K, capacity 8850K, committed 8960K, reserved 1048576K
}
Event: 1136.217 GC heap before
{Heap before GC invocations=30 (full 0):
 garbage-first heap   total 524288K, used 397635K [0x00000000e0000000, 0x0000000100000000)
  region size 1024K, 307 young (314368K), 17 survivors (17408K)
 Metaspace       used 73902K, capacity 76050K, committed 76208K, reserved 1116160K
  class space    used 7934K, capacity 8850K, committed 8960K, reserved 1048576K
}
Event: 1136.239 GC heap after
{Heap after GC invocations=31 (full 0):
 garbage-first heap   total 524288K, used 100552K [0x00000000e0000000, 0x0000000100000000)
  region size 1024K, 16 young (16384K), 16 survivors (16384K)
 Metaspace       used 73902K, capacity 76050K, committed 76208K, reserved 1116160K
  class space    used 7934K, capacity 8850K, committed 8960K, reserved 1048576K
}
Event: 1138.334 GC heap before
{Heap before GC invocations=31 (full 0):
 garbage-first heap   total 524288K, used 397512K [0x00000000e0000000, 0x0000000100000000)
  region size 1024K, 307 young (314368K), 16 survivors (16384K)
 Metaspace       used 73961K, capacity 76122K, committed 76464K, reserved 1116160K
  class space    used 7943K, capacity 8853K, committed 8960K, reserved 1048576K
}
Event: 1138.358 GC heap after
{Heap after GC invocations=32 (full 0):
 garbage-first heap   total 524288K, used 102600K [0x00000000e0000000, 0x0000000100000000)
  region size 1024K, 18 young (18432K), 18 survivors (18432K)
 Metaspace       used 73961K, capacity 76122K, committed 76464K, reserved 1116160K
  class space    used 7943K, capacity 8853K, committed 8960K, reserved 1048576K
}
Event: 1140.372 GC heap before
{Heap before GC invocations=32 (full 0):
 garbage-first heap   total 524288K, used 415944K [0x00000000e0000000, 0x0000000100000000)
  region size 1024K, 307 young (314368K), 18 survivors (18432K)
 Metaspace       used 73982K, capacity 76122K, committed 76464K, reserved 1116160K
  class space    used 7943K, capacity 8853K, committed 8960K, reserved 1048576K
}
Event: 1140.399 GC heap after
{Heap after GC invocations=33 (full 0):
 garbage-first heap   total 524288K, used 100040K [0x00000000e0000000, 0x0000000100000000)
  region size 1024K, 15 young (15360K), 15 survivors (15360K)
 Metaspace       used 73982K, capacity 76122K, committed 76464K, reserved 1116160K
  class space    used 7943K, capacity 8853K, committed 8960K, reserved 1048576K
}
Event: 1142.742 GC heap before
{Heap before GC invocations=33 (full 0):
 garbage-first heap   total 524288K, used 402120K [0x00000000e0000000, 0x0000000100000000)
  region size 1024K, 307 young (314368K), 15 survivors (15360K)
 Metaspace       used 76705K, capacity 78964K, committed 79280K, reserved 1120256K
  class space    used 8198K, capacity 9186K, committed 9216K, reserved 1048576K
}
Event: 1142.793 GC heap after
{Heap after GC invocations=34 (full 0):
 garbage-first heap   total 524288K, used 125640K [0x00000000e0000000, 0x0000000100000000)
  region size 1024K, 38 young (38912K), 38 survivors (38912K)
 Metaspace       used 76705K, capacity 78964K, committed 79280K, reserved 1120256K
  class space    used 8198K, capacity 9186K, committed 9216K, reserved 1048576K
}
Event: 5081.377 GC heap before
{Heap before GC invocations=34 (full 0):
 garbage-first heap   total 524288K, used 199368K [0x00000000e0000000, 0x0000000100000000)
  region size 1024K, 112 young (114688K), 38 survivors (38912K)
 Metaspace       used 78084K, capacity 80414K, committed 80688K, reserved 1120256K
  class space    used 8338K, capacity 9324K, committed 9344K, reserved 1048576K
}
Event: 5081.448 GC heap after
{Heap after GC invocations=35 (full 0):
 garbage-first heap   total 524288K, used 127488K [0x00000000e0000000, 0x0000000100000000)
  region size 1024K, 3 young (3072K), 3 survivors (3072K)
 Metaspace       used 78084K, capacity 80414K, committed 80688K, reserved 1120256K
  class space    used 8338K, capacity 9324K, committed 9344K, reserved 1048576K
}

